superxz_bottom/build/outputs/logs/manifest-merger-debug-report.txt
-- Merging decision tree log ---
manifest
ADDED from dhdemo\superxz_bottom\AndroidManifest.xml:2:1-68:12
	package
		ADDED from dhdemo\superxz_bottom\AndroidManifest.xml:3:5-36
	android:versionName
		ADDED from dhdemo\superxz_bottom\AndroidManifest.xml:5:5-30
		INJECTED from dhdemo\superxz_bottom\AndroidManifest.xml
		INJECTED from dhdemo\superxz_bottom\AndroidManifest.xml
	android:versionCode
		ADDED from dhdemo\superxz_bottom\AndroidManifest.xml:4:5-28
		INJECTED from dhdemo\superxz_bottom\AndroidManifest.xml
		INJECTED from dhdemo\superxz_bottom\AndroidManifest.xml
	xmlns:android
		ADDED from dhdemo\superxz_bottom\AndroidManifest.xml:2:11-69
uses-sdk
ADDED from dhdemo\superxz_bottom\AndroidManifest.xml:7:5-9:41
MERGED from [dhdemo:drawee:unspecified] AndroidManifest.xml:6:5-8:41
MERGED from [dhdemo:imagepipeline:unspecified] AndroidManifest.xml:6:5-8:41
	android:targetSdkVersion
		ADDED from dhdemo\superxz_bottom\AndroidManifest.xml:9:9-38
	android:minSdkVersion
		ADDED from dhdemo\superxz_bottom\AndroidManifest.xml:8:9-35
application
ADDED from dhdemo\superxz_bottom\AndroidManifest.xml:11:5-62:19
	android:label
		ADDED from dhdemo\superxz_bottom\AndroidManifest.xml:15:9-41
	android:allowBackup
		ADDED from dhdemo\superxz_bottom\AndroidManifest.xml:13:9-35
	android:icon
		ADDED from dhdemo\superxz_bottom\AndroidManifest.xml:14:9-45
	android:name
		ADDED from dhdemo\superxz_bottom\AndroidManifest.xml:12:9-56
activity#com.dh.superxz_bottom.yinzldemo.FragmentTabActivity2
ADDED from dhdemo\superxz_bottom\AndroidManifest.xml:16:9-25:20
	android:label
		ADDED from dhdemo\superxz_bottom\AndroidManifest.xml:18:13-45
	android:theme
		ADDED from dhdemo\superxz_bottom\AndroidManifest.xml:19:13-56
	android:name
		ADDED from dhdemo\superxz_bottom\AndroidManifest.xml:17:13-80
intent-filter#android.intent.action.MAIN+android.intent.category.LAUNCHER
ADDED from dhdemo\superxz_bottom\AndroidManifest.xml:20:13-24:29
action#android.intent.action.MAIN
ADDED from dhdemo\superxz_bottom\AndroidManifest.xml:21:17-69
	android:name
		ADDED from dhdemo\superxz_bottom\AndroidManifest.xml:21:25-66
category#android.intent.category.LAUNCHER
ADDED from dhdemo\superxz_bottom\AndroidManifest.xml:23:17-77
	android:name
		ADDED from dhdemo\superxz_bottom\AndroidManifest.xml:23:27-74
activity#com.dh.superxz_bottom.yinzldemo.EventBusActivity
ADDED from dhdemo\superxz_bottom\AndroidManifest.xml:26:9-30:20
	android:label
		ADDED from dhdemo\superxz_bottom\AndroidManifest.xml:28:13-45
	android:theme
		ADDED from dhdemo\superxz_bottom\AndroidManifest.xml:29:13-54
	android:name
		ADDED from dhdemo\superxz_bottom\AndroidManifest.xml:27:13-76
activity#com.dh.superxz_bottom.yinzldemo.DatePickerActivity
ADDED from dhdemo\superxz_bottom\AndroidManifest.xml:31:9-35:20
	android:label
		ADDED from dhdemo\superxz_bottom\AndroidManifest.xml:33:13-45
	android:theme
		ADDED from dhdemo\superxz_bottom\AndroidManifest.xml:34:13-54
	android:name
		ADDED from dhdemo\superxz_bottom\AndroidManifest.xml:32:13-78
activity#com.dh.superxz_bottom.activity.AboutActivity
ADDED from dhdemo\superxz_bottom\AndroidManifest.xml:37:9-41:20
	android:label
		ADDED from dhdemo\superxz_bottom\AndroidManifest.xml:39:13-45
	android:theme
		ADDED from dhdemo\superxz_bottom\AndroidManifest.xml:40:13-54
	android:name
		ADDED from dhdemo\superxz_bottom\AndroidManifest.xml:38:13-72
activity#com.dh.superxz_bottom.activity.LoginActivity
ADDED from dhdemo\superxz_bottom\AndroidManifest.xml:42:9-46:20
	android:label
		ADDED from dhdemo\superxz_bottom\AndroidManifest.xml:44:13-45
	android:theme
		ADDED from dhdemo\superxz_bottom\AndroidManifest.xml:45:13-56
	android:name
		ADDED from dhdemo\superxz_bottom\AndroidManifest.xml:43:13-72
activity#com.dh.superxz_bottom.activity.ForgetActivity
ADDED from dhdemo\superxz_bottom\AndroidManifest.xml:47:9-51:20
	android:label
		ADDED from dhdemo\superxz_bottom\AndroidManifest.xml:49:13-45
	android:theme
		ADDED from dhdemo\superxz_bottom\AndroidManifest.xml:50:13-54
	android:name
		ADDED from dhdemo\superxz_bottom\AndroidManifest.xml:48:13-73
activity#com.dh.superxz_bottom.activity.RegisterActivity
ADDED from dhdemo\superxz_bottom\AndroidManifest.xml:52:9-56:20
	android:label
		ADDED from dhdemo\superxz_bottom\AndroidManifest.xml:54:13-45
	android:theme
		ADDED from dhdemo\superxz_bottom\AndroidManifest.xml:55:13-54
	android:name
		ADDED from dhdemo\superxz_bottom\AndroidManifest.xml:53:13-75
activity#com.dh.superxz_bottom.yinzldemo.PhotoViewActivity
ADDED from dhdemo\superxz_bottom\AndroidManifest.xml:57:9-61:20
	android:label
		ADDED from dhdemo\superxz_bottom\AndroidManifest.xml:59:13-45
	android:theme
		ADDED from dhdemo\superxz_bottom\AndroidManifest.xml:60:13-54
	android:name
		ADDED from dhdemo\superxz_bottom\AndroidManifest.xml:58:13-77
uses-permission#android.permission.INTERNET
ADDED from dhdemo\superxz_bottom\AndroidManifest.xml:64:5-67
	android:name
		ADDED from dhdemo\superxz_bottom\AndroidManifest.xml:64:22-64
uses-permission#android.permission.WRITE_EXTERNAL_STORAGE
ADDED from dhdemo\superxz_bottom\AndroidManifest.xml:65:5-81
	android:name
		ADDED from dhdemo\superxz_bottom\AndroidManifest.xml:65:22-78
uses-permission#android.permission.ACCESS_NETWORK_STATE
ADDED from dhdemo\superxz_bottom\AndroidManifest.xml:66:5-79
	android:name
		ADDED from dhdemo\superxz_bottom\AndroidManifest.xml:66:22-76